
2025/03/27 (22:27:12) | ===> btop++ v.1.4.0
2025/03/27 (22:27:12) | WARNING: Intel GPU: Failed to initialize PMU

2025/03/27 (22:30:02) | ===> btop++ v.1.4.0
2025/03/27 (22:30:02) | WARNING: Intel GPU: Failed to initialize PMU

2025/03/27 (22:32:00) | ===> btop++ v.1.4.0
2025/03/27 (22:32:00) | WARNING: Intel GPU: Failed to initialize PMU
2025/03/27 (22:32:00) | ERROR: Invalid size of hex value: ff69b4CC
2025/03/27 (22:32:00) | ERROR: Invalid size of hex value: ff69b4CC
2025/03/27 (22:32:00) | ERROR: Invalid size of hex value: ff69b4CC
2025/03/27 (22:32:00) | ERROR: Invalid size of hex value: 1a1b1a88
2025/03/27 (22:32:00) | ERROR: Invalid size of hex value: 4a4a2f88
2025/03/27 (22:32:00) | ERROR: Invalid size of hex value: 4a4a2fCC
2025/03/27 (22:32:00) | ERROR: Invalid size of hex value: ff69b4FF
2025/03/27 (22:32:00) | ERROR: Invalid size of hex value: ffffffEE
2025/03/27 (22:32:00) | ERROR: Invalid size of hex value: 4a4a2fCC
2025/03/27 (22:32:00) | ERROR: Invalid size of hex value: 4a4a2f99
2025/03/27 (22:32:00) | ERROR: Invalid size of hex value: ff0000CC
2025/03/27 (22:32:00) | ERROR: Invalid size of hex value: ff69b4FF
2025/03/27 (22:32:00) | ERROR: Invalid size of hex value: 4a4a2fFF
2025/03/27 (22:32:00) | ERROR: Invalid size of hex value: 4a4a2f88
2025/03/27 (22:32:00) | ERROR: Invalid size of hex value: ffffffEE
2025/03/27 (22:32:00) | ERROR: Invalid size of hex value: 4a4a2f88
2025/03/27 (22:32:00) | ERROR: Invalid size of hex value: 4a4a2f99
2025/03/27 (22:32:00) | ERROR: Invalid size of hex value: 4a4a2fCC
2025/03/27 (22:32:00) | ERROR: Invalid size of hex value: ff69b4CC
2025/03/27 (22:32:00) | ERROR: Invalid size of hex value: 1a1b1acc
2025/03/27 (22:32:00) | ERROR: Invalid size of hex value: 4a4a2f88
2025/03/27 (22:32:00) | ERROR: Invalid size of hex value: 4a4a2fCC
2025/03/27 (22:32:00) | ERROR: Invalid size of hex value: ff69b4CC
2025/03/27 (22:32:00) | ERROR: Invalid size of hex value: 4a4a2fCC
2025/03/27 (22:32:00) | ERROR: Invalid size of hex value: ff69b4CC
2025/03/27 (22:32:00) | ERROR: Invalid size of hex value: ff69b4CC
2025/03/27 (22:32:06) | ERROR: Invalid size of hex value: ff69b4CC
2025/03/27 (22:32:06) | ERROR: Invalid size of hex value: ff69b4CC
2025/03/27 (22:32:06) | ERROR: Invalid size of hex value: ff69b4CC
2025/03/27 (22:32:06) | ERROR: Invalid size of hex value: 1a1b1a88
2025/03/27 (22:32:06) | ERROR: Invalid size of hex value: 4a4a2f88
2025/03/27 (22:32:06) | ERROR: Invalid size of hex value: 4a4a2fCC
2025/03/27 (22:32:06) | ERROR: Invalid size of hex value: ff69b4FF
2025/03/27 (22:32:06) | ERROR: Invalid size of hex value: ffffffEE
2025/03/27 (22:32:06) | ERROR: Invalid size of hex value: 4a4a2fCC
2025/03/27 (22:32:06) | ERROR: Invalid size of hex value: 4a4a2f99
2025/03/27 (22:32:06) | ERROR: Invalid size of hex value: ff0000CC
2025/03/27 (22:32:06) | ERROR: Invalid size of hex value: ff69b4FF
2025/03/27 (22:32:06) | ERROR: Invalid size of hex value: 4a4a2fFF
2025/03/27 (22:32:06) | ERROR: Invalid size of hex value: 4a4a2f88
2025/03/27 (22:32:06) | ERROR: Invalid size of hex value: ffffffEE
2025/03/27 (22:32:06) | ERROR: Invalid size of hex value: 4a4a2f88
2025/03/27 (22:32:06) | ERROR: Invalid size of hex value: 4a4a2f99
2025/03/27 (22:32:06) | ERROR: Invalid size of hex value: 4a4a2fCC
2025/03/27 (22:32:06) | ERROR: Invalid size of hex value: ff69b4CC
2025/03/27 (22:32:06) | ERROR: Invalid size of hex value: 1a1b1acc
2025/03/27 (22:32:06) | ERROR: Invalid size of hex value: 4a4a2f88
2025/03/27 (22:32:06) | ERROR: Invalid size of hex value: 4a4a2fCC
2025/03/27 (22:32:06) | ERROR: Invalid size of hex value: ff69b4CC
2025/03/27 (22:32:06) | ERROR: Invalid size of hex value: 4a4a2fCC
2025/03/27 (22:32:06) | ERROR: Invalid size of hex value: ff69b4CC
2025/03/27 (22:32:06) | ERROR: Invalid size of hex value: ff69b4CC
2025/03/27 (22:33:50) | ERROR: Invalid size of hex value: ff69b4cc
2025/03/27 (22:33:50) | ERROR: Invalid size of hex value: ff69b4cc
2025/03/27 (22:33:50) | ERROR: Invalid size of hex value: ff69b4cc
2025/03/27 (22:33:50) | ERROR: Invalid size of hex value: 1a1b1a44
2025/03/27 (22:33:50) | ERROR: Invalid size of hex value: 4a4a2f44
2025/03/27 (22:33:50) | ERROR: Invalid size of hex value: 4a4a2fcc
2025/03/27 (22:33:50) | ERROR: Invalid size of hex value: 4a4a2fff
2025/03/27 (22:33:50) | ERROR: Invalid size of hex value: 4a4a2fcc
2025/03/27 (22:33:50) | ERROR: Invalid size of hex value: 4a4a2faa
2025/03/27 (22:33:50) | ERROR: Invalid size of hex value: ff0000cc
2025/03/27 (22:33:50) | ERROR: Invalid size of hex value: ff69b4ff
2025/03/27 (22:33:50) | ERROR: Invalid size of hex value: 4a4a2fff
2025/03/27 (22:33:50) | ERROR: Invalid size of hex value: 4a4a2f44
2025/03/27 (22:33:50) | ERROR: Invalid size of hex value: 4a4a2fff
2025/03/27 (22:33:50) | ERROR: Invalid size of hex value: 4a4a2f44
2025/03/27 (22:33:50) | ERROR: Invalid size of hex value: 4a4a2f99
2025/03/27 (22:33:50) | ERROR: Invalid size of hex value: 4a4a2fcc
2025/03/27 (22:33:50) | ERROR: Invalid size of hex value: ff69b4cc
2025/03/27 (22:33:50) | ERROR: Invalid size of hex value: 1a1b1acc
2025/03/27 (22:33:50) | ERROR: Invalid size of hex value: 4a4a2f44
2025/03/27 (22:33:50) | ERROR: Invalid size of hex value: 4a4a2fcc
2025/03/27 (22:33:50) | ERROR: Invalid size of hex value: 4a4a2fcc
2025/03/27 (22:33:50) | ERROR: Invalid size of hex value: ff69b4cc
2025/03/27 (22:33:50) | ERROR: Invalid size of hex value: 4a4a2fcc
2025/03/27 (22:33:50) | ERROR: Invalid size of hex value: ff69b4cc
2025/03/27 (22:33:50) | ERROR: Invalid size of hex value: ff69b4cc
2025/03/27 (22:34:37) | ERROR: Invalid size of hex value: 4a4a2fcc
2025/03/27 (22:34:37) | ERROR: Invalid size of hex value: 4a4a2fcc
2025/03/27 (22:34:37) | ERROR: Invalid size of hex value: 4a4a2fcc
2025/03/27 (22:34:37) | ERROR: Invalid size of hex value: 1a1b1a44
2025/03/27 (22:34:37) | ERROR: Invalid size of hex value: ff69b444
2025/03/27 (22:34:37) | ERROR: Invalid size of hex value: ff69b4cc
2025/03/27 (22:34:37) | ERROR: Invalid size of hex value: ff69b4ff
2025/03/27 (22:34:37) | ERROR: Invalid size of hex value: ff69b4cc
2025/03/27 (22:34:37) | ERROR: Invalid size of hex value: ff69b4aa
2025/03/27 (22:34:37) | ERROR: Invalid size of hex value: ff0000cc
2025/03/27 (22:34:37) | ERROR: Invalid size of hex value: 4a4a2fff
2025/03/27 (22:34:37) | ERROR: Invalid size of hex value: ff69b4ff
2025/03/27 (22:34:37) | ERROR: Invalid size of hex value: ff69b444
2025/03/27 (22:34:37) | ERROR: Invalid size of hex value: ff69b4ff
2025/03/27 (22:34:37) | ERROR: Invalid size of hex value: ff69b444
2025/03/27 (22:34:37) | ERROR: Invalid size of hex value: ff69b499
2025/03/27 (22:34:37) | ERROR: Invalid size of hex value: ff69b4cc
2025/03/27 (22:34:37) | ERROR: Invalid size of hex value: 4a4a2fcc
2025/03/27 (22:34:37) | ERROR: Invalid size of hex value: 1a1b1acc
2025/03/27 (22:34:37) | ERROR: Invalid size of hex value: ff69b444
2025/03/27 (22:34:37) | ERROR: Invalid size of hex value: ff69b4cc
2025/03/27 (22:34:37) | ERROR: Invalid size of hex value: ff69b4cc
2025/03/27 (22:34:37) | ERROR: Invalid size of hex value: 4a4a2fcc
2025/03/27 (22:34:37) | ERROR: Invalid size of hex value: ff69b4cc
2025/03/27 (22:34:37) | ERROR: Invalid size of hex value: 4a4a2fcc
2025/03/27 (22:34:37) | ERROR: Invalid size of hex value: 4a4a2fcc

2025/03/27 (22:35:12) | ===> btop++ v.1.4.0
2025/03/27 (22:35:12) | WARNING: Intel GPU: Failed to initialize PMU
2025/03/27 (22:35:12) | ERROR: Invalid size of hex value: 4a4a2fcc
2025/03/27 (22:35:12) | ERROR: Invalid size of hex value: 4a4a2fcc
2025/03/27 (22:35:12) | ERROR: Invalid size of hex value: 4a4a2fcc
2025/03/27 (22:35:12) | ERROR: Invalid size of hex value: 1a1b1a44
2025/03/27 (22:35:12) | ERROR: Invalid size of hex value: ff69b444
2025/03/27 (22:35:12) | ERROR: Invalid size of hex value: ff69b4cc
2025/03/27 (22:35:12) | ERROR: Invalid size of hex value: ff69b4ff
2025/03/27 (22:35:12) | ERROR: Invalid size of hex value: ff69b4cc
2025/03/27 (22:35:12) | ERROR: Invalid size of hex value: ff69b4aa
2025/03/27 (22:35:12) | ERROR: Invalid size of hex value: ff0000cc
2025/03/27 (22:35:12) | ERROR: Invalid size of hex value: 4a4a2fff
2025/03/27 (22:35:12) | ERROR: Invalid size of hex value: ff69b4ff
2025/03/27 (22:35:12) | ERROR: Invalid size of hex value: ff69b444
2025/03/27 (22:35:12) | ERROR: Invalid size of hex value: ff69b4ff
2025/03/27 (22:35:12) | ERROR: Invalid size of hex value: ff69b444
2025/03/27 (22:35:12) | ERROR: Invalid size of hex value: ff69b499
2025/03/27 (22:35:12) | ERROR: Invalid size of hex value: ff69b4cc
2025/03/27 (22:35:12) | ERROR: Invalid size of hex value: 4a4a2fcc
2025/03/27 (22:35:12) | ERROR: Invalid size of hex value: 1a1b1acc
2025/03/27 (22:35:12) | ERROR: Invalid size of hex value: ff69b444
2025/03/27 (22:35:12) | ERROR: Invalid size of hex value: ff69b4cc
2025/03/27 (22:35:12) | ERROR: Invalid size of hex value: ff69b4cc
2025/03/27 (22:35:12) | ERROR: Invalid size of hex value: 4a4a2fcc
2025/03/27 (22:35:12) | ERROR: Invalid size of hex value: ff69b4cc
2025/03/27 (22:35:12) | ERROR: Invalid size of hex value: 4a4a2fcc
2025/03/27 (22:35:12) | ERROR: Invalid size of hex value: 4a4a2fcc

2025/03/27 (22:35:25) | ===> btop++ v.1.4.0
2025/03/27 (22:35:25) | WARNING: Intel GPU: Failed to initialize PMU

2025/03/27 (22:35:28) | ===> btop++ v.1.4.0
2025/03/27 (22:35:28) | WARNING: Intel GPU: Failed to initialize PMU
2025/03/27 (22:35:31) | ERROR: Invalid size of hex value: 4a4a2fcc
2025/03/27 (22:35:31) | ERROR: Invalid size of hex value: 4a4a2fcc
2025/03/27 (22:35:31) | ERROR: Invalid size of hex value: 4a4a2fcc
2025/03/27 (22:35:31) | ERROR: Invalid size of hex value: 1a1b1a44
2025/03/27 (22:35:31) | ERROR: Invalid size of hex value: ff69b444
2025/03/27 (22:35:31) | ERROR: Invalid size of hex value: ff69b4cc
2025/03/27 (22:35:31) | ERROR: Invalid size of hex value: ff69b4ff
2025/03/27 (22:35:31) | ERROR: Invalid size of hex value: ff69b4cc
2025/03/27 (22:35:31) | ERROR: Invalid size of hex value: ff69b4aa
2025/03/27 (22:35:31) | ERROR: Invalid size of hex value: ff0000cc
2025/03/27 (22:35:31) | ERROR: Invalid size of hex value: 4a4a2fff
2025/03/27 (22:35:31) | ERROR: Invalid size of hex value: ff69b4ff
2025/03/27 (22:35:31) | ERROR: Invalid size of hex value: ff69b444
2025/03/27 (22:35:31) | ERROR: Invalid size of hex value: ff69b4ff
2025/03/27 (22:35:31) | ERROR: Invalid size of hex value: ff69b444
2025/03/27 (22:35:31) | ERROR: Invalid size of hex value: ff69b499
2025/03/27 (22:35:31) | ERROR: Invalid size of hex value: ff69b4cc
2025/03/27 (22:35:31) | ERROR: Invalid size of hex value: 4a4a2fcc
2025/03/27 (22:35:31) | ERROR: Invalid size of hex value: 1a1b1acc
2025/03/27 (22:35:31) | ERROR: Invalid size of hex value: ff69b444
2025/03/27 (22:35:31) | ERROR: Invalid size of hex value: ff69b4cc
2025/03/27 (22:35:31) | ERROR: Invalid size of hex value: ff69b4cc
2025/03/27 (22:35:31) | ERROR: Invalid size of hex value: 4a4a2fcc
2025/03/27 (22:35:31) | ERROR: Invalid size of hex value: ff69b4cc
2025/03/27 (22:35:31) | ERROR: Invalid size of hex value: 4a4a2fcc
2025/03/27 (22:35:31) | ERROR: Invalid size of hex value: 4a4a2fcc
2025/03/27 (22:35:33) | ERROR: Invalid size of hex value: 4a4a2fcc
2025/03/27 (22:35:33) | ERROR: Invalid size of hex value: 4a4a2fcc
2025/03/27 (22:35:33) | ERROR: Invalid size of hex value: 4a4a2fcc
2025/03/27 (22:35:33) | ERROR: Invalid size of hex value: 1a1b1a44
2025/03/27 (22:35:33) | ERROR: Invalid size of hex value: ff69b444
2025/03/27 (22:35:33) | ERROR: Invalid size of hex value: ff69b4cc
2025/03/27 (22:35:33) | ERROR: Invalid size of hex value: ff69b4ff
2025/03/27 (22:35:33) | ERROR: Invalid size of hex value: ff69b4cc
2025/03/27 (22:35:33) | ERROR: Invalid size of hex value: ff69b4aa
2025/03/27 (22:35:33) | ERROR: Invalid size of hex value: ff0000cc
2025/03/27 (22:35:33) | ERROR: Invalid size of hex value: 4a4a2fff
2025/03/27 (22:35:33) | ERROR: Invalid size of hex value: ff69b4ff
2025/03/27 (22:35:33) | ERROR: Invalid size of hex value: ff69b444
2025/03/27 (22:35:33) | ERROR: Invalid size of hex value: ff69b4ff
2025/03/27 (22:35:33) | ERROR: Invalid size of hex value: ff69b444
2025/03/27 (22:35:33) | ERROR: Invalid size of hex value: ff69b499
2025/03/27 (22:35:33) | ERROR: Invalid size of hex value: ff69b4cc
2025/03/27 (22:35:33) | ERROR: Invalid size of hex value: 4a4a2fcc
2025/03/27 (22:35:33) | ERROR: Invalid size of hex value: 1a1b1acc
2025/03/27 (22:35:33) | ERROR: Invalid size of hex value: ff69b444
2025/03/27 (22:35:33) | ERROR: Invalid size of hex value: ff69b4cc
2025/03/27 (22:35:33) | ERROR: Invalid size of hex value: ff69b4cc
2025/03/27 (22:35:33) | ERROR: Invalid size of hex value: 4a4a2fcc
2025/03/27 (22:35:33) | ERROR: Invalid size of hex value: ff69b4cc
2025/03/27 (22:35:33) | ERROR: Invalid size of hex value: 4a4a2fcc
2025/03/27 (22:35:33) | ERROR: Invalid size of hex value: 4a4a2fcc

2025/03/27 (22:38:07) | ===> btop++ v.1.4.0
2025/03/27 (22:38:07) | WARNING: Intel GPU: Failed to initialize PMU
2025/03/27 (22:38:10) | ERROR: Invalid size of hex value: 4a4a2fcc
2025/03/27 (22:38:10) | ERROR: Invalid size of hex value: 4a4a2fcc
2025/03/27 (22:38:10) | ERROR: Invalid size of hex value: 4a4a2fcc
2025/03/27 (22:38:10) | ERROR: Invalid size of hex value: 1a1b1a44
2025/03/27 (22:38:10) | ERROR: Invalid size of hex value: fc2e6444
2025/03/27 (22:38:10) | ERROR: Invalid size of hex value: fc2e64cc
2025/03/27 (22:38:10) | ERROR: Invalid size of hex value: fc2e64ff
2025/03/27 (22:38:10) | ERROR: Invalid size of hex value: fc2e64cc
2025/03/27 (22:38:10) | ERROR: Invalid size of hex value: fc2e64aa
2025/03/27 (22:38:10) | ERROR: Invalid size of hex value: ff0000cc
2025/03/27 (22:38:10) | ERROR: Invalid size of hex value: 4a4a2fff
2025/03/27 (22:38:10) | ERROR: Invalid size of hex value: fc2e64ff
2025/03/27 (22:38:10) | ERROR: Invalid size of hex value: fc2e6444
2025/03/27 (22:38:10) | ERROR: Invalid size of hex value: fc2e64ff
2025/03/27 (22:38:10) | ERROR: Invalid size of hex value: fc2e6444
2025/03/27 (22:38:10) | ERROR: Invalid size of hex value: fc2e6499
2025/03/27 (22:38:10) | ERROR: Invalid size of hex value: fc2e64cc
2025/03/27 (22:38:10) | ERROR: Invalid size of hex value: 4a4a2fcc
2025/03/27 (22:38:10) | ERROR: Invalid size of hex value: 1a1b1acc
2025/03/27 (22:38:10) | ERROR: Invalid size of hex value: fc2e6444
2025/03/27 (22:38:10) | ERROR: Invalid size of hex value: fc2e64cc
2025/03/27 (22:38:10) | ERROR: Invalid size of hex value: fc2e64cc
2025/03/27 (22:38:10) | ERROR: Invalid size of hex value: 4a4a2fcc
2025/03/27 (22:38:10) | ERROR: Invalid size of hex value: fc2e64cc
2025/03/27 (22:38:10) | ERROR: Invalid size of hex value: 4a4a2fcc
2025/03/27 (22:38:10) | ERROR: Invalid size of hex value: 4a4a2fcc

2025/03/27 (22:39:12) | ===> btop++ v.1.4.0
2025/03/27 (22:39:12) | WARNING: Intel GPU: Failed to initialize PMU
